<?xml version="1.0" encoding="UTF-8"?>
<testng-results skipped="0" failed="0" total="1" passed="1">
  <reporter-output>
  </reporter-output>
  <suite name="Default suite" duration-ms="28242" started-at="2018-01-23T05:05:12Z" finished-at="2018-01-23T05:05:41Z">
    <groups>
    </groups>
    <test name="Default test" duration-ms="28242" started-at="2018-01-23T05:05:12Z" finished-at="2018-01-23T05:05:41Z">
      <class name="testcases.TC_001">
        <test-method status="PASS" signature="tc001()[pri:0, instance:testcases.TC_001@58ceff1]" name="tc001" duration-ms="28186" started-at="2018-01-23T10:35:12Z" finished-at="2018-01-23T10:35:41Z">
          <reporter-output>
          </reporter-output>
        </test-method> <!-- tc001 -->
      </class> <!-- testcases.TC_001 -->
    </test> <!-- Default test -->
  </suite> <!-- Default suite -->
</testng-results>
